2018-01-11 10:48:04,293 INFO 载入数据.......
2018-01-11 10:48:04,295 INFO 载入完成，准备生成字典对象和统计文本数据。
2018-01-11 10:48:04,295 INFO 共有11个文档
2018-01-11 10:48:04,296 INFO 词与序号对应关系已经保存到E:\GitHub\LDA\lda1\data\tmp\wordidmap.dat
2018-01-11 10:57:15,421 INFO 载入数据.......
2018-01-11 10:57:15,421 INFO 载入完成，准备生成字典对象和统计文本数据。
2018-01-11 10:57:15,423 INFO 共有11个文档
2018-01-11 10:57:15,424 INFO 词与序号对应关系已经保存到E:\GitHub\LDA\lda1\data\tmp\wordidmap.dat
2018-01-11 10:57:15,424 INFO 开始迭代采样，迭代次数为：100
2018-01-11 10:58:03,055 INFO 载入数据.......
2018-01-11 10:58:03,055 INFO 载入完成，准备生成字典对象和统计文本数据。
2018-01-11 10:58:03,056 INFO 共有11个文档
2018-01-11 10:58:03,056 INFO 词与序号对应关系已经保存到E:\GitHub\LDA\lda1\data\tmp\wordidmap.dat
2018-01-11 10:58:03,059 INFO 开始迭代采样，迭代次数为：100
2018-01-11 11:07:03,200 INFO 载入数据.......
2018-01-11 11:07:03,200 INFO 载入完成，准备生成字典对象和统计文本数据。
2018-01-11 11:07:03,201 INFO 共有11个文档
2018-01-11 11:07:03,203 INFO 词与序号对应关系已经保存到E:\GitHub\LDA\lda1\data\tmp\wordidmap.dat
2018-01-11 11:07:03,204 INFO 开始迭代采样，迭代次数为：100
2018-01-11 11:08:44,203 INFO 载入数据.......
2018-01-11 11:08:44,203 INFO 载入完成，准备生成字典对象和统计文本数据。
2018-01-11 11:08:44,204 INFO 共有11个文档
2018-01-11 11:08:44,204 INFO 词与序号对应关系已经保存到E:\GitHub\LDA\lda1\data\tmp\wordidmap.dat
2018-01-11 11:08:44,206 INFO 开始迭代采样，迭代次数为：100
2018-01-11 11:08:44,920 INFO 迭代完成
2018-01-11 11:08:44,920 DEBUG 计算文章-主题分布
2018-01-11 11:08:44,920 DEBUG 计算词-主题分布
2018-01-11 11:09:17,892 INFO 载入数据.......
2018-01-11 11:09:17,892 INFO 载入完成，准备生成字典对象和统计文本数据。
2018-01-11 11:09:17,894 INFO 共有11个文档
2018-01-11 11:09:17,894 INFO 词与序号对应关系已经保存到E:\GitHub\LDA\lda1\data\tmp\wordidmap.dat
2018-01-11 11:09:17,895 INFO 开始迭代采样，迭代次数为：100
2018-01-11 11:09:18,599 INFO 迭代完成
2018-01-11 11:09:18,601 DEBUG 计算文章-主题分布
2018-01-11 11:09:18,601 DEBUG 计算词-主题分布
2018-01-11 11:09:18,601 DEBUG 保存模型
2018-01-11 11:09:18,601 INFO 文章-主题分布已经保存到E:\GitHub\LDA\lda1\data\tmp\model_theta.dat
2018-01-11 11:09:18,615 INFO 参数设置已经保存到E:\GitHub\LDA\lda1\data\tmp\model_parameter.dat
2018-01-11 11:10:13,153 INFO 载入数据.......
2018-01-11 11:10:13,153 INFO 载入完成，准备生成字典对象和统计文本数据。
2018-01-11 11:10:13,154 INFO 共有11个文档
2018-01-11 11:10:13,154 INFO 词与序号对应关系已经保存到E:\GitHub\LDA\lda1\data\tmp\wordidmap.dat
2018-01-11 11:10:13,155 INFO 开始迭代采样，迭代次数为：100
2018-01-11 11:10:13,903 INFO 迭代完成
2018-01-11 11:10:13,903 DEBUG 计算文章-主题分布
2018-01-11 11:10:13,904 DEBUG 计算词-主题分布
2018-01-11 11:10:13,904 DEBUG 保存模型
2018-01-11 11:10:13,904 INFO 文章-主题分布已经保存到E:\GitHub\LDA\lda1\data\tmp\model_theta.dat
2018-01-11 11:10:13,904 INFO 参数设置已经保存到E:\GitHub\LDA\lda1\data\tmp\model_parameter.dat
2018-01-11 11:10:33,493 INFO 载入数据.......
2018-01-11 11:10:33,493 INFO 载入完成，准备生成字典对象和统计文本数据。
2018-01-11 11:10:33,493 INFO 共有11个文档
2018-01-11 11:10:33,494 INFO 词与序号对应关系已经保存到E:\GitHub\LDA\lda1\data\tmp\wordidmap.dat
2018-01-11 11:10:33,494 INFO 开始迭代采样，迭代次数为：100
2018-01-11 11:10:34,194 INFO 迭代完成
2018-01-11 11:10:34,194 DEBUG 计算文章-主题分布
2018-01-11 11:10:34,194 DEBUG 计算词-主题分布
2018-01-11 11:10:34,194 DEBUG 保存模型
2018-01-11 11:10:34,194 INFO 文章-主题分布已经保存到E:\GitHub\LDA\lda1\data\tmp\model_theta.dat
2018-01-11 11:10:34,194 INFO 参数设置已经保存到E:\GitHub\LDA\lda1\data\tmp\model_parameter.dat
2018-01-11 11:10:34,196 INFO 主题topN词已经保存到E:\GitHub\LDA\lda1\data\tmp\model_twords.dat
2018-01-11 11:11:40,698 INFO 载入数据.......
2018-01-11 11:11:40,700 INFO 载入完成，准备生成字典对象和统计文本数据。
2018-01-11 11:11:40,700 INFO 共有11个文档
2018-01-11 11:11:40,701 INFO 词与序号对应关系已经保存到E:\GitHub\LDA\lda1\data\tmp\wordidmap.dat
2018-01-11 11:11:40,703 INFO 开始迭代采样，迭代次数为：150
2018-01-11 11:11:41,736 INFO 迭代完成
2018-01-11 11:11:41,736 DEBUG 计算文章-主题分布
2018-01-11 11:11:41,736 DEBUG 计算词-主题分布
2018-01-11 11:11:41,736 DEBUG 保存模型
2018-01-11 11:11:41,736 INFO 文章-主题分布已经保存到E:\GitHub\LDA\lda1\data\tmp\model_theta.dat
2018-01-11 11:11:41,736 INFO 参数设置已经保存到E:\GitHub\LDA\lda1\data\tmp\model_parameter.dat
2018-01-11 11:11:41,737 INFO 主题topN词已经保存到E:\GitHub\LDA\lda1\data\tmp\model_twords.dat
2018-01-11 11:12:09,891 INFO 载入数据.......
2018-01-11 11:12:09,891 INFO 载入完成，准备生成字典对象和统计文本数据。
2018-01-11 11:12:09,891 INFO 共有11个文档
2018-01-11 11:12:09,892 INFO 词与序号对应关系已经保存到E:\GitHub\LDA\lda1\data\tmp\wordidmap.dat
2018-01-11 11:12:09,894 INFO 开始迭代采样，迭代次数为：150
2018-01-11 11:12:10,987 INFO 迭代完成
2018-01-11 11:12:10,987 DEBUG 计算文章-主题分布
2018-01-11 11:12:10,987 DEBUG 计算词-主题分布
2018-01-11 11:12:10,987 DEBUG 保存模型
2018-01-11 11:12:10,987 INFO 文章-主题分布已经保存到E:\GitHub\LDA\lda1\data\tmp\model_theta.dat
2018-01-11 11:12:10,989 INFO 参数设置已经保存到E:\GitHub\LDA\lda1\data\tmp\model_parameter.dat
2018-01-11 11:12:10,989 INFO 主题topN词已经保存到E:\GitHub\LDA\lda1\data\tmp\model_twords.dat
2018-01-11 11:16:31,316 INFO 载入数据.......
2018-01-11 11:16:31,318 INFO 载入完成，准备生成字典对象和统计文本数据。
2018-01-11 11:16:31,318 INFO 共有11个文档
2018-01-11 11:16:31,319 INFO 词与序号对应关系已经保存到E:\GitHub\LDA\lda1\data\tmp\wordidmap.dat
2018-01-11 11:16:31,319 INFO 开始迭代采样，迭代次数为：150
2018-01-11 11:16:32,371 INFO 迭代完成
2018-01-11 11:16:32,371 DEBUG 计算文章-主题分布
2018-01-11 11:16:32,371 DEBUG 计算词-主题分布
2018-01-11 11:16:32,371 DEBUG 保存模型
2018-01-11 11:16:32,371 INFO 文章-主题分布已经保存到E:\GitHub\LDA\lda1\data\tmp\model_theta.dat
2018-01-11 11:16:32,371 INFO 参数设置已经保存到E:\GitHub\LDA\lda1\data\tmp\model_parameter.dat
2018-01-11 11:16:32,371 INFO 主题topN词已经保存到E:\GitHub\LDA\lda1\data\tmp\model_twords.dat
2018-01-11 11:17:47,335 INFO 载入数据.......
2018-01-11 11:17:47,335 INFO 载入完成，准备生成字典对象和统计文本数据。
2018-01-11 11:17:47,335 INFO 共有11个文档
2018-01-11 11:17:47,336 INFO 词与序号对应关系已经保存到E:\GitHub\LDA\lda1\data\tmp\wordidmap.dat
2018-01-11 11:17:47,338 INFO 开始迭代采样，迭代次数为：150
2018-01-11 11:17:48,441 INFO 迭代完成
2018-01-11 11:17:48,441 DEBUG 计算文章-主题分布
2018-01-11 11:17:48,441 DEBUG 计算词-主题分布
2018-01-11 11:17:48,441 DEBUG 保存模型
2018-01-11 11:17:48,441 INFO 文章-主题分布已经保存到E:\GitHub\LDA\lda1\data\tmp\model_theta.dat
2018-01-11 11:17:48,443 INFO 参数设置已经保存到E:\GitHub\LDA\lda1\data\tmp\model_parameter.dat
2018-01-11 11:17:48,443 INFO 主题topN词已经保存到E:\GitHub\LDA\lda1\data\tmp\model_twords.dat
2018-01-11 11:18:05,108 INFO 载入数据.......
2018-01-11 11:18:05,108 INFO 载入完成，准备生成字典对象和统计文本数据。
2018-01-11 11:18:05,109 INFO 共有11个文档
2018-01-11 11:18:05,111 INFO 词与序号对应关系已经保存到E:\GitHub\LDA\lda1\data\tmp\wordidmap.dat
2018-01-11 11:18:05,111 INFO 开始迭代采样，迭代次数为：150
2018-01-11 11:18:06,194 INFO 迭代完成
2018-01-11 11:18:06,194 DEBUG 计算文章-主题分布
2018-01-11 11:18:06,194 DEBUG 计算词-主题分布
2018-01-11 11:18:06,194 DEBUG 保存模型
2018-01-11 11:18:06,194 INFO 文章-主题分布已经保存到E:\GitHub\LDA\lda1\data\tmp\model_theta.dat
2018-01-11 11:18:06,196 INFO 参数设置已经保存到E:\GitHub\LDA\lda1\data\tmp\model_parameter.dat
2018-01-11 11:18:06,197 INFO 主题topN词已经保存到E:\GitHub\LDA\lda1\data\tmp\model_twords.dat
2018-01-11 11:18:44,267 INFO 载入数据.......
2018-01-11 11:18:44,269 INFO 载入完成，准备生成字典对象和统计文本数据。
2018-01-11 11:18:44,269 INFO 共有11个文档
2018-01-11 11:18:44,269 INFO 词与序号对应关系已经保存到E:\GitHub\LDA\lda1\data\tmp\wordidmap.dat
2018-01-11 11:18:44,270 INFO 开始迭代采样，迭代次数为：150
2018-01-11 11:18:45,313 INFO 迭代完成
2018-01-11 11:18:45,315 DEBUG 计算文章-主题分布
2018-01-11 11:18:45,315 DEBUG 计算词-主题分布
2018-01-11 11:18:45,315 DEBUG 保存模型
2018-01-11 11:18:45,315 INFO 文章-主题分布已经保存到E:\GitHub\LDA\lda1\data\tmp\model_theta.dat
2018-01-11 11:18:45,315 INFO 参数设置已经保存到E:\GitHub\LDA\lda1\data\tmp\model_parameter.dat
2018-01-11 11:18:45,315 INFO 主题topN词已经保存到E:\GitHub\LDA\lda1\data\tmp\model_twords.dat
2018-01-11 11:19:18,259 INFO 载入数据.......
2018-01-11 11:19:18,259 INFO 载入完成，准备生成字典对象和统计文本数据。
2018-01-11 11:19:18,259 INFO 共有11个文档
2018-01-11 11:19:18,259 INFO 词与序号对应关系已经保存到E:\GitHub\LDA\lda1\data\tmp\wordidmap.dat
2018-01-11 11:19:18,262 INFO 开始迭代采样，迭代次数为：150
2018-01-11 11:19:19,315 INFO 迭代完成
2018-01-11 11:19:19,315 DEBUG 计算文章-主题分布
2018-01-11 11:19:19,315 DEBUG 计算词-主题分布
2018-01-11 11:19:19,315 DEBUG 保存模型
2018-01-11 11:19:19,315 INFO 文章-主题分布已经保存到E:\GitHub\LDA\lda1\data\tmp\model_theta.dat
2018-01-11 11:19:19,316 INFO 参数设置已经保存到E:\GitHub\LDA\lda1\data\tmp\model_parameter.dat
2018-01-11 11:19:19,316 INFO 主题topN词已经保存到E:\GitHub\LDA\lda1\data\tmp\model_twords.dat
2018-01-11 11:21:30,069 INFO 载入数据.......
2018-01-11 11:21:30,071 INFO 载入完成，准备生成字典对象和统计文本数据。
2018-01-11 11:21:30,071 INFO 共有11个文档
2018-01-11 11:21:30,072 INFO 词与序号对应关系已经保存到E:\GitHub\LDA\lda1\data\tmp\wordidmap.dat
2018-01-11 11:21:30,072 INFO 开始迭代采样，迭代次数为：150
2018-01-11 11:21:31,158 INFO 迭代完成
2018-01-11 11:21:31,158 DEBUG 计算文章-主题分布
2018-01-11 11:21:31,160 DEBUG 计算词-主题分布
2018-01-11 11:21:31,160 DEBUG 保存模型
2018-01-11 11:21:31,160 INFO 文章-主题分布已经保存到E:\GitHub\LDA\lda1\data\tmp\model_theta.dat
2018-01-11 11:21:31,160 INFO 参数设置已经保存到E:\GitHub\LDA\lda1\data\tmp\model_parameter.dat
2018-01-11 11:21:31,160 INFO 主题topN词已经保存到E:\GitHub\LDA\lda1\data\tmp\model_twords.dat
2018-01-11 11:22:03,322 INFO 载入数据.......
2018-01-11 11:22:03,322 INFO 载入完成，准备生成字典对象和统计文本数据。
2018-01-11 11:22:03,322 INFO 共有11个文档
2018-01-11 11:22:03,322 INFO 词与序号对应关系已经保存到E:\GitHub\LDA\lda1\data\tmp\wordidmap.dat
2018-01-11 11:22:03,323 INFO 开始迭代采样，迭代次数为：150
2018-01-11 11:22:04,378 INFO 迭代完成
2018-01-11 11:22:04,378 DEBUG 计算文章-主题分布
2018-01-11 11:22:04,378 DEBUG 计算词-主题分布
2018-01-11 11:22:04,378 DEBUG 保存模型
2018-01-11 11:22:04,378 INFO 文章-主题分布已经保存到E:\GitHub\LDA\lda1\data\tmp\model_theta.dat
2018-01-11 11:22:04,378 INFO 参数设置已经保存到E:\GitHub\LDA\lda1\data\tmp\model_parameter.dat
2018-01-11 11:22:04,380 INFO 主题topN词已经保存到E:\GitHub\LDA\lda1\data\tmp\model_twords.dat
2018-01-11 11:30:15,338 INFO 载入数据.......
2018-01-11 11:30:15,338 INFO 载入完成，准备生成字典对象和统计文本数据。
2018-01-11 11:30:15,339 INFO 共有11个文档
2018-01-11 11:30:15,341 INFO 词与序号对应关系已经保存到E:\GitHub\LDA\lda1\data\tmp\wordidmap.dat
2018-01-11 11:30:15,342 INFO 开始迭代采样，迭代次数为：150
2018-01-11 11:30:16,384 INFO 迭代完成
2018-01-11 11:30:16,384 DEBUG 计算文章-主题分布
2018-01-11 11:30:16,384 DEBUG 计算词-主题分布
2018-01-11 11:30:16,384 DEBUG 保存模型
2018-01-11 11:30:16,384 INFO 文章-主题分布已经保存到E:\GitHub\LDA\lda1\data\tmp\model_theta.dat
2018-01-11 11:30:16,384 INFO 参数设置已经保存到E:\GitHub\LDA\lda1\data\tmp\model_parameter.dat
2018-01-11 11:30:16,384 INFO 主题topN词已经保存到E:\GitHub\LDA\lda1\data\tmp\model_twords.dat
2018-01-11 11:30:16,398 INFO 文章-词-主题-分派结果已经保存到E:\GitHub\LDA\lda1\data\tmp\model_tassign.dat
2018-01-11 11:30:16,400 INFO 模型训练完成！
2018-01-11 19:41:12,164 INFO 载入数据.......
2018-01-11 19:41:12,165 INFO 载入完成，准备生成字典对象和统计文本数据。
2018-01-11 19:41:12,165 INFO 共有11个文档
2018-01-11 19:41:12,167 INFO 词与序号对应关系已经保存到E:\GitHub\LDA\lda1\data\tmp\wordidmap.dat
2018-01-11 19:41:12,168 INFO 开始迭代采样，迭代次数为：150
2018-01-11 19:41:16,036 INFO 迭代完成
2018-01-11 19:41:16,036 DEBUG 计算文章-主题分布
2018-01-11 19:41:16,036 DEBUG 计算词-主题分布
2018-01-11 19:41:16,036 DEBUG 保存模型
2018-01-11 19:41:16,036 INFO 文章-主题分布已经保存到E:\GitHub\LDA\lda1\data\tmp\model_theta.dat
2018-01-11 19:41:16,036 INFO 参数设置已经保存到E:\GitHub\LDA\lda1\data\tmp\model_parameter.dat
2018-01-11 19:41:16,036 INFO 主题topN词已经保存到E:\GitHub\LDA\lda1\data\tmp\model_twords.dat
2018-01-11 19:41:16,052 INFO 文章-词-主题-分派结果已经保存到E:\GitHub\LDA\lda1\data\tmp\model_tassign.dat
2018-01-11 19:41:16,052 INFO 模型训练完成！
2018-01-11 19:41:40,779 INFO 载入数据.......
2018-01-11 19:41:40,779 INFO 载入完成，准备生成字典对象和统计文本数据。
2018-01-11 19:41:40,779 INFO 共有11个文档
2018-01-11 19:41:40,780 INFO 词与序号对应关系已经保存到E:\GitHub\LDA\lda1\data\tmp\wordidmap.dat
2018-01-11 19:41:40,782 INFO 开始迭代采样，迭代次数为：150
2018-01-11 19:41:41,625 INFO 迭代完成
2018-01-11 19:41:41,625 DEBUG 计算文章-主题分布
2018-01-11 19:41:41,625 DEBUG 计算词-主题分布
2018-01-11 19:41:41,625 DEBUG 保存模型
2018-01-11 19:41:41,625 INFO 文章-主题分布已经保存到E:\GitHub\LDA\lda1\data\tmp\model_theta.dat
2018-01-11 19:41:41,627 INFO 参数设置已经保存到E:\GitHub\LDA\lda1\data\tmp\model_parameter.dat
2018-01-11 19:41:41,627 INFO 主题topN词已经保存到E:\GitHub\LDA\lda1\data\tmp\model_twords.dat
2018-01-11 19:41:41,640 INFO 文章-词-主题-分派结果已经保存到E:\GitHub\LDA\lda1\data\tmp\model_tassign.dat
2018-01-11 19:41:41,641 INFO 模型训练完成！
2018-01-11 19:41:51,617 INFO 载入数据.......
2018-01-11 19:41:51,617 INFO 载入完成，准备生成字典对象和统计文本数据。
2018-01-11 19:41:51,617 INFO 共有11个文档
2018-01-11 19:41:51,618 INFO 词与序号对应关系已经保存到E:\GitHub\LDA\lda1\data\tmp\wordidmap.dat
2018-01-11 19:41:51,618 INFO 开始迭代采样，迭代次数为：150
2018-01-11 19:41:55,303 INFO 迭代完成
2018-01-11 19:41:55,303 DEBUG 计算文章-主题分布
2018-01-11 19:41:55,303 DEBUG 计算词-主题分布
2018-01-11 19:41:55,303 DEBUG 保存模型
2018-01-11 19:41:55,303 INFO 文章-主题分布已经保存到E:\GitHub\LDA\lda1\data\tmp\model_theta.dat
2018-01-11 19:41:55,305 INFO 参数设置已经保存到E:\GitHub\LDA\lda1\data\tmp\model_parameter.dat
2018-01-11 19:41:55,305 INFO 主题topN词已经保存到E:\GitHub\LDA\lda1\data\tmp\model_twords.dat
2018-01-11 19:41:55,318 INFO 文章-词-主题-分派结果已经保存到E:\GitHub\LDA\lda1\data\tmp\model_tassign.dat
2018-01-11 19:41:55,319 INFO 模型训练完成！
2018-01-11 19:42:07,177 INFO 载入数据.......
2018-01-11 19:42:07,177 INFO 载入完成，准备生成字典对象和统计文本数据。
2018-01-11 19:42:07,177 INFO 共有11个文档
2018-01-11 19:42:07,177 INFO 词与序号对应关系已经保存到E:\GitHub\LDA\lda1\data\tmp\wordidmap.dat
2018-01-11 19:42:07,178 INFO 开始迭代采样，迭代次数为：150
2018-01-11 19:53:44,819 INFO 载入数据.......
2018-01-11 19:53:44,819 INFO 载入完成，准备生成字典对象和统计文本数据。
2018-01-11 19:53:44,819 INFO 共有11个文档
2018-01-11 19:53:44,821 INFO 词与序号对应关系已经保存到E:\GitHub\LDA\lda1\data\tmp\wordidmap.dat
2018-01-11 19:53:44,822 INFO 开始迭代采样，迭代次数为：150
2018-01-11 19:53:46,035 INFO 迭代完成
2018-01-11 19:53:46,035 DEBUG 计算文章-主题分布
2018-01-11 19:53:46,035 DEBUG 计算词-主题分布
2018-01-11 19:53:46,035 DEBUG 保存模型
2018-01-11 19:53:46,035 INFO 文章-主题分布已经保存到E:\GitHub\LDA\lda1\data\tmp\model_theta.dat
2018-01-11 19:53:46,036 INFO 参数设置已经保存到E:\GitHub\LDA\lda1\data\tmp\model_parameter.dat
2018-01-11 19:53:46,036 INFO 主题topN词已经保存到E:\GitHub\LDA\lda1\data\tmp\model_twords.dat
2018-01-11 19:53:46,049 INFO 文章-词-主题-分派结果已经保存到E:\GitHub\LDA\lda1\data\tmp\model_tassign.dat
2018-01-11 19:53:46,051 INFO 模型训练完成！
2018-01-11 19:55:25,709 INFO 载入数据.......
2018-01-11 19:55:25,709 INFO 载入完成，准备生成字典对象和统计文本数据。
2018-01-11 19:55:25,710 INFO 共有11个文档
2018-01-11 19:55:25,710 INFO 词与序号对应关系已经保存到E:\GitHub\LDA\lda1\data\tmp\wordidmap.dat
2018-01-11 19:55:25,711 INFO 开始迭代采样，迭代次数为：150
2018-01-11 19:57:42,188 INFO 载入数据.......
2018-01-11 19:57:42,188 INFO 载入完成，准备生成字典对象和统计文本数据。
2018-01-11 19:57:42,188 INFO 共有11个文档
2018-01-11 19:57:42,190 INFO 词与序号对应关系已经保存到E:\GitHub\LDA\lda1\data\tmp\wordidmap.dat
2018-01-11 19:57:42,190 INFO 开始迭代采样，迭代次数为：150
2018-01-11 19:57:43,740 INFO 迭代完成
2018-01-11 19:57:43,740 DEBUG 计算文章-主题分布
2018-01-11 19:57:43,740 DEBUG 计算词-主题分布
2018-01-11 19:57:43,740 DEBUG 保存模型
2018-01-11 19:57:43,740 INFO 文章-主题分布已经保存到E:\GitHub\LDA\lda1\data\tmp\model_theta.dat
2018-01-11 19:57:43,740 INFO 参数设置已经保存到E:\GitHub\LDA\lda1\data\tmp\model_parameter.dat
2018-01-11 19:57:43,740 INFO 主题topN词已经保存到E:\GitHub\LDA\lda1\data\tmp\model_twords.dat
2018-01-11 19:57:43,756 INFO 文章-词-主题-分派结果已经保存到E:\GitHub\LDA\lda1\data\tmp\model_tassign.dat
2018-01-11 19:57:43,756 INFO 模型训练完成！
